[0.703s] Invoking command in '/home/ahaskar/ros_ws/src/my_py_pkg': DEBUGINFOD_URLS=https://debuginfod.ubuntu.com PYTHONPATH=/home/ahaskar/ros_ws/src/build/my_py_pkg/prefix_override:/usr/lib/python3/dist-packages/colcon_core/task/python/colcon_distutils_commands:/home/ahaskar/ros_ws/src/install/my_py_pkg/lib/python3.12/site-packages:${PYTHONPATH} /usr/bin/python3 -W ignore:setup.py install is deprecated -W ignore:easy_install command is deprecated setup.py egg_info --egg-base ../build/my_py_pkg build --build-base /home/ahaskar/ros_ws/src/build/my_py_pkg/build install --record /home/ahaskar/ros_ws/src/build/my_py_pkg/install.log --single-version-externally-managed install_data
[0.901s] running egg_info
[0.901s] creating ../build/my_py_pkg/my_py_pkg.egg-info
[0.911s] writing ../build/my_py_pkg/my_py_pkg.egg-info/PKG-INFO
[0.911s] writing dependency_links to ../build/my_py_pkg/my_py_pkg.egg-info/dependency_links.txt
[0.912s] writing entry points to ../build/my_py_pkg/my_py_pkg.egg-info/entry_points.txt
[0.912s] writing requirements to ../build/my_py_pkg/my_py_pkg.egg-info/requires.txt
[0.912s] writing top-level names to ../build/my_py_pkg/my_py_pkg.egg-info/top_level.txt
[0.912s] writing manifest file '../build/my_py_pkg/my_py_pkg.egg-info/SOURCES.txt'
[0.935s] reading manifest file '../build/my_py_pkg/my_py_pkg.egg-info/SOURCES.txt'
[0.935s] writing manifest file '../build/my_py_pkg/my_py_pkg.egg-info/SOURCES.txt'
[0.936s] running build
[0.936s] running build_py
[0.936s] creating /home/ahaskar/ros_ws/src/build/my_py_pkg/build
[0.936s] creating /home/ahaskar/ros_ws/src/build/my_py_pkg/build/lib
[0.936s] creating /home/ahaskar/ros_ws/src/build/my_py_pkg/build/lib/my_py_pkg
[0.936s] copying my_py_pkg/my_first_node.py -> /home/ahaskar/ros_ws/src/build/my_py_pkg/build/lib/my_py_pkg
[0.936s] copying my_py_pkg/__init__.py -> /home/ahaskar/ros_ws/src/build/my_py_pkg/build/lib/my_py_pkg
[0.936s] copying my_py_pkg/add_two_ints_client_no_oop.py -> /home/ahaskar/ros_ws/src/build/my_py_pkg/build/lib/my_py_pkg
[0.937s] copying my_py_pkg/smartphone.py -> /home/ahaskar/ros_ws/src/build/my_py_pkg/build/lib/my_py_pkg
[0.937s] copying my_py_pkg/hardware_status_publisher.py -> /home/ahaskar/ros_ws/src/build/my_py_pkg/build/lib/my_py_pkg
[0.937s] copying my_py_pkg/battery.py -> /home/ahaskar/ros_ws/src/build/my_py_pkg/build/lib/my_py_pkg
[0.937s] copying my_py_pkg/Led_panel.py -> /home/ahaskar/ros_ws/src/build/my_py_pkg/build/lib/my_py_pkg
[0.937s] copying my_py_pkg/template_node.py -> /home/ahaskar/ros_ws/src/build/my_py_pkg/build/lib/my_py_pkg
[0.937s] copying my_py_pkg/number.py -> /home/ahaskar/ros_ws/src/build/my_py_pkg/build/lib/my_py_pkg
[0.937s] copying my_py_pkg/add_two_ints_server.py -> /home/ahaskar/ros_ws/src/build/my_py_pkg/build/lib/my_py_pkg
[0.937s] copying my_py_pkg/number_counter.py -> /home/ahaskar/ros_ws/src/build/my_py_pkg/build/lib/my_py_pkg
[0.937s] copying my_py_pkg/robot_news_station.py -> /home/ahaskar/ros_ws/src/build/my_py_pkg/build/lib/my_py_pkg
[0.937s] copying my_py_pkg/add_two_ints_client.py -> /home/ahaskar/ros_ws/src/build/my_py_pkg/build/lib/my_py_pkg
[0.938s] running install
[0.941s] running install_lib
[0.951s] creating /home/ahaskar/ros_ws/src/install/my_py_pkg/lib/python3.12/site-packages/my_py_pkg
[0.951s] copying /home/ahaskar/ros_ws/src/build/my_py_pkg/build/lib/my_py_pkg/my_first_node.py -> /home/ahaskar/ros_ws/src/install/my_py_pkg/lib/python3.12/site-packages/my_py_pkg
[0.952s] copying /home/ahaskar/ros_ws/src/build/my_py_pkg/build/lib/my_py_pkg/__init__.py -> /home/ahaskar/ros_ws/src/install/my_py_pkg/lib/python3.12/site-packages/my_py_pkg
[0.952s] copying /home/ahaskar/ros_ws/src/build/my_py_pkg/build/lib/my_py_pkg/add_two_ints_client_no_oop.py -> /home/ahaskar/ros_ws/src/install/my_py_pkg/lib/python3.12/site-packages/my_py_pkg
[0.952s] copying /home/ahaskar/ros_ws/src/build/my_py_pkg/build/lib/my_py_pkg/smartphone.py -> /home/ahaskar/ros_ws/src/install/my_py_pkg/lib/python3.12/site-packages/my_py_pkg
[0.952s] copying /home/ahaskar/ros_ws/src/build/my_py_pkg/build/lib/my_py_pkg/hardware_status_publisher.py -> /home/ahaskar/ros_ws/src/install/my_py_pkg/lib/python3.12/site-packages/my_py_pkg
[0.952s] copying /home/ahaskar/ros_ws/src/build/my_py_pkg/build/lib/my_py_pkg/battery.py -> /home/ahaskar/ros_ws/src/install/my_py_pkg/lib/python3.12/site-packages/my_py_pkg
[0.953s] copying /home/ahaskar/ros_ws/src/build/my_py_pkg/build/lib/my_py_pkg/Led_panel.py -> /home/ahaskar/ros_ws/src/install/my_py_pkg/lib/python3.12/site-packages/my_py_pkg
[0.954s] copying /home/ahaskar/ros_ws/src/build/my_py_pkg/build/lib/my_py_pkg/template_node.py -> /home/ahaskar/ros_ws/src/install/my_py_pkg/lib/python3.12/site-packages/my_py_pkg
[0.955s] copying /home/ahaskar/ros_ws/src/build/my_py_pkg/build/lib/my_py_pkg/number.py -> /home/ahaskar/ros_ws/src/install/my_py_pkg/lib/python3.12/site-packages/my_py_pkg
[0.955s] copying /home/ahaskar/ros_ws/src/build/my_py_pkg/build/lib/my_py_pkg/add_two_ints_server.py -> /home/ahaskar/ros_ws/src/install/my_py_pkg/lib/python3.12/site-packages/my_py_pkg
[0.955s] copying /home/ahaskar/ros_ws/src/build/my_py_pkg/build/lib/my_py_pkg/number_counter.py -> /home/ahaskar/ros_ws/src/install/my_py_pkg/lib/python3.12/site-packages/my_py_pkg
[0.955s] copying /home/ahaskar/ros_ws/src/build/my_py_pkg/build/lib/my_py_pkg/robot_news_station.py -> /home/ahaskar/ros_ws/src/install/my_py_pkg/lib/python3.12/site-packages/my_py_pkg
[0.955s] copying /home/ahaskar/ros_ws/src/build/my_py_pkg/build/lib/my_py_pkg/add_two_ints_client.py -> /home/ahaskar/ros_ws/src/install/my_py_pkg/lib/python3.12/site-packages/my_py_pkg
[0.955s] byte-compiling /home/ahaskar/ros_ws/src/install/my_py_pkg/lib/python3.12/site-packages/my_py_pkg/my_first_node.py to my_first_node.cpython-312.pyc
[0.956s] byte-compiling /home/ahaskar/ros_ws/src/install/my_py_pkg/lib/python3.12/site-packages/my_py_pkg/__init__.py to __init__.cpython-312.pyc
[0.956s] byte-compiling /home/ahaskar/ros_ws/src/install/my_py_pkg/lib/python3.12/site-packages/my_py_pkg/add_two_ints_client_no_oop.py to add_two_ints_client_no_oop.cpython-312.pyc
[0.956s] byte-compiling /home/ahaskar/ros_ws/src/install/my_py_pkg/lib/python3.12/site-packages/my_py_pkg/smartphone.py to smartphone.cpython-312.pyc
[0.956s] byte-compiling /home/ahaskar/ros_ws/src/install/my_py_pkg/lib/python3.12/site-packages/my_py_pkg/hardware_status_publisher.py to hardware_status_publisher.cpython-312.pyc
[0.957s] byte-compiling /home/ahaskar/ros_ws/src/install/my_py_pkg/lib/python3.12/site-packages/my_py_pkg/battery.py to battery.cpython-312.pyc
[0.957s] byte-compiling /home/ahaskar/ros_ws/src/install/my_py_pkg/lib/python3.12/site-packages/my_py_pkg/Led_panel.py to Led_panel.cpython-312.pyc
[0.957s] byte-compiling /home/ahaskar/ros_ws/src/install/my_py_pkg/lib/python3.12/site-packages/my_py_pkg/template_node.py to template_node.cpython-312.pyc
[0.957s] byte-compiling /home/ahaskar/ros_ws/src/install/my_py_pkg/lib/python3.12/site-packages/my_py_pkg/number.py to number.cpython-312.pyc
[0.957s] byte-compiling /home/ahaskar/ros_ws/src/install/my_py_pkg/lib/python3.12/site-packages/my_py_pkg/add_two_ints_server.py to add_two_ints_server.cpython-312.pyc
[0.958s] byte-compiling /home/ahaskar/ros_ws/src/install/my_py_pkg/lib/python3.12/site-packages/my_py_pkg/number_counter.py to number_counter.cpython-312.pyc
[0.958s] byte-compiling /home/ahaskar/ros_ws/src/install/my_py_pkg/lib/python3.12/site-packages/my_py_pkg/robot_news_station.py to robot_news_station.cpython-312.pyc
[0.958s] byte-compiling /home/ahaskar/ros_ws/src/install/my_py_pkg/lib/python3.12/site-packages/my_py_pkg/add_two_ints_client.py to add_two_ints_client.cpython-312.pyc
[0.958s] running install_data
[0.959s] creating /home/ahaskar/ros_ws/src/install/my_py_pkg/share/ament_index
[0.959s] creating /home/ahaskar/ros_ws/src/install/my_py_pkg/share/ament_index/resource_index
[0.959s] creating /home/ahaskar/ros_ws/src/install/my_py_pkg/share/ament_index/resource_index/packages
[0.959s] copying resource/my_py_pkg -> /home/ahaskar/ros_ws/src/install/my_py_pkg/share/ament_index/resource_index/packages
[0.959s] copying package.xml -> /home/ahaskar/ros_ws/src/install/my_py_pkg/share/my_py_pkg
[0.959s] running install_egg_info
[0.970s] Copying ../build/my_py_pkg/my_py_pkg.egg-info to /home/ahaskar/ros_ws/src/install/my_py_pkg/lib/python3.12/site-packages/my_py_pkg-0.0.0-py3.12.egg-info
[0.972s] running install_scripts
[1.079s] Installing add_two_ints_client script to /home/ahaskar/ros_ws/src/install/my_py_pkg/lib/my_py_pkg
[1.079s] Installing add_two_ints_client_no_oop script to /home/ahaskar/ros_ws/src/install/my_py_pkg/lib/my_py_pkg
[1.079s] Installing add_two_ints_server script to /home/ahaskar/ros_ws/src/install/my_py_pkg/lib/my_py_pkg
[1.079s] Installing hw_status_publisher script to /home/ahaskar/ros_ws/src/install/my_py_pkg/lib/my_py_pkg
[1.079s] Installing number script to /home/ahaskar/ros_ws/src/install/my_py_pkg/lib/my_py_pkg
[1.079s] Installing number_counter script to /home/ahaskar/ros_ws/src/install/my_py_pkg/lib/my_py_pkg
[1.082s] Installing py_node script to /home/ahaskar/ros_ws/src/install/my_py_pkg/lib/my_py_pkg
[1.082s] Installing robot_news_station script to /home/ahaskar/ros_ws/src/install/my_py_pkg/lib/my_py_pkg
[1.082s] Installing smartphone script to /home/ahaskar/ros_ws/src/install/my_py_pkg/lib/my_py_pkg
[1.083s] writing list of installed files to '/home/ahaskar/ros_ws/src/build/my_py_pkg/install.log'
[1.101s] Invoked command in '/home/ahaskar/ros_ws/src/my_py_pkg' returned '0': DEBUGINFOD_URLS=https://debuginfod.ubuntu.com PYTHONPATH=/home/ahaskar/ros_ws/src/build/my_py_pkg/prefix_override:/usr/lib/python3/dist-packages/colcon_core/task/python/colcon_distutils_commands:/home/ahaskar/ros_ws/src/install/my_py_pkg/lib/python3.12/site-packages:${PYTHONPATH} /usr/bin/python3 -W ignore:setup.py install is deprecated -W ignore:easy_install command is deprecated setup.py egg_info --egg-base ../build/my_py_pkg build --build-base /home/ahaskar/ros_ws/src/build/my_py_pkg/build install --record /home/ahaskar/ros_ws/src/build/my_py_pkg/install.log --single-version-externally-managed install_data
