[0.680s] Invoking command in '/home/ahaskar/ros_ws/src/my_py_pkg': DEBUGINFOD_URLS=https://debuginfod.ubuntu.com PYTHONPATH=/home/ahaskar/ros_ws/src/build/my_py_pkg/prefix_override:/usr/lib/python3/dist-packages/colcon_core/task/python/colcon_distutils_commands:/home/ahaskar/ros_ws/src/install/my_py_pkg/lib/python3.12/site-packages:${PYTHONPATH} /usr/bin/python3 -W ignore:setup.py install is deprecated -W ignore:easy_install command is deprecated setup.py egg_info --egg-base ../build/my_py_pkg build --build-base /home/ahaskar/ros_ws/src/build/my_py_pkg/build install --record /home/ahaskar/ros_ws/src/build/my_py_pkg/install.log --single-version-externally-managed install_data
[0.866s] running egg_info
[0.873s] writing ../build/my_py_pkg/my_py_pkg.egg-info/PKG-INFO
[0.873s] writing dependency_links to ../build/my_py_pkg/my_py_pkg.egg-info/dependency_links.txt
[0.873s] writing entry points to ../build/my_py_pkg/my_py_pkg.egg-info/entry_points.txt
[0.873s] writing requirements to ../build/my_py_pkg/my_py_pkg.egg-info/requires.txt
[0.874s] writing top-level names to ../build/my_py_pkg/my_py_pkg.egg-info/top_level.txt
[0.891s] reading manifest file '../build/my_py_pkg/my_py_pkg.egg-info/SOURCES.txt'
[0.892s] writing manifest file '../build/my_py_pkg/my_py_pkg.egg-info/SOURCES.txt'
[0.892s] running build
[0.892s] running build_py
[0.892s] copying my_py_pkg/Led_panel.py -> /home/ahaskar/ros_ws/src/build/my_py_pkg/build/lib/my_py_pkg
[0.892s] running install
[0.895s] running install_lib
[0.904s] copying /home/ahaskar/ros_ws/src/build/my_py_pkg/build/lib/my_py_pkg/Led_panel.py -> /home/ahaskar/ros_ws/src/install/my_py_pkg/lib/python3.12/site-packages/my_py_pkg
[0.905s] byte-compiling /home/ahaskar/ros_ws/src/install/my_py_pkg/lib/python3.12/site-packages/my_py_pkg/Led_panel.py to Led_panel.cpython-312.pyc
[0.905s] running install_data
[0.906s] running install_egg_info
[0.918s] removing '/home/ahaskar/ros_ws/src/install/my_py_pkg/lib/python3.12/site-packages/my_py_pkg-0.0.0-py3.12.egg-info' (and everything under it)
[0.919s] Copying ../build/my_py_pkg/my_py_pkg.egg-info to /home/ahaskar/ros_ws/src/install/my_py_pkg/lib/python3.12/site-packages/my_py_pkg-0.0.0-py3.12.egg-info
[0.919s] running install_scripts
[0.990s] Installing add_two_ints_client script to /home/ahaskar/ros_ws/src/install/my_py_pkg/lib/my_py_pkg
[0.990s] Installing add_two_ints_client_no_oop script to /home/ahaskar/ros_ws/src/install/my_py_pkg/lib/my_py_pkg
[0.991s] Installing add_two_ints_server script to /home/ahaskar/ros_ws/src/install/my_py_pkg/lib/my_py_pkg
[0.991s] Installing hw_status_publisher script to /home/ahaskar/ros_ws/src/install/my_py_pkg/lib/my_py_pkg
[0.991s] Installing led_panel script to /home/ahaskar/ros_ws/src/install/my_py_pkg/lib/my_py_pkg
[0.991s] Installing number script to /home/ahaskar/ros_ws/src/install/my_py_pkg/lib/my_py_pkg
[0.991s] Installing number_counter script to /home/ahaskar/ros_ws/src/install/my_py_pkg/lib/my_py_pkg
[0.991s] Installing py_node script to /home/ahaskar/ros_ws/src/install/my_py_pkg/lib/my_py_pkg
[0.991s] Installing robot_news_station script to /home/ahaskar/ros_ws/src/install/my_py_pkg/lib/my_py_pkg
[0.992s] Installing smartphone script to /home/ahaskar/ros_ws/src/install/my_py_pkg/lib/my_py_pkg
[0.992s] writing list of installed files to '/home/ahaskar/ros_ws/src/build/my_py_pkg/install.log'
[1.008s] Invoked command in '/home/ahaskar/ros_ws/src/my_py_pkg' returned '0': DEBUGINFOD_URLS=https://debuginfod.ubuntu.com PYTHONPATH=/home/ahaskar/ros_ws/src/build/my_py_pkg/prefix_override:/usr/lib/python3/dist-packages/colcon_core/task/python/colcon_distutils_commands:/home/ahaskar/ros_ws/src/install/my_py_pkg/lib/python3.12/site-packages:${PYTHONPATH} /usr/bin/python3 -W ignore:setup.py install is deprecated -W ignore:easy_install command is deprecated setup.py egg_info --egg-base ../build/my_py_pkg build --build-base /home/ahaskar/ros_ws/src/build/my_py_pkg/build install --record /home/ahaskar/ros_ws/src/build/my_py_pkg/install.log --single-version-externally-managed install_data
